2025-09-13T13:09:15.085Z - Bot starting up
2025-09-13T13:09:16.279Z - Logged into Mezon
2025-09-13T13:09:16.280Z - Bot initialized successfully
2025-09-13T13:09:21.572Z - Received *comparefine command: {"id":"1840651256763256832","avatar":"https://cdn.mezon.vn/0/0/1840671882311897000/1740969361248_undefined_nh___i_di_n.jpg","channel_id":"1956303407950073856","mode":2,"channel_label":"","clan_id":"1840678319637401600","code":0,"create_time":"2025-09-13T13:09:21.000Z","message_id":"1840651256763256832","sender_id":"1840671882311897088","update_time":"2025-09-13T13:09:21.000Z","clan_logo":"","category_name":"","username":"phuong.trinhviet","clan_nick":"","clan_avatar":"","display_name":"phuong.trinhviet","content":{"t":"*comparefine"},"reactions":[],"mentions":[],"attachments":[],"references":[],"hide_editted":true,"is_public":true,"create_time_seconds":1757768961,"update_time_seconds":1757768961,"topic_id":"0"}
2025-09-13T13:09:21.574Z - User info: ID=1840671882311897088, Username=phuong.trinhviet
2025-09-13T13:09:21.669Z - Checking login status for Mezon ID: 1840671882311897088
2025-09-13T13:09:21.670Z - API URL: http://localhost:21023/api/services/app/UserPunishment/CheckLoginStatus?mezonId=1840671882311897088
2025-09-13T13:09:21.673Z - Request options:: {"hostname":"localhost","port":"21023","path":"/api/services/app/UserPunishment/CheckLoginStatus?mezonId=1840671882311897088","method":"GET","headers":{"Accept":"application/json","Security-Code":"12345678"}}
2025-09-13T13:09:21.741Z - Status code: 200
2025-09-13T13:09:21.748Z - Response headers:: {"date":"Sat, 13 Sep 2025 13:09:21 GMT","content-type":"application/json; charset=utf-8","server":"Kestrel","transfer-encoding":"chunked","x-content-type-options":"nosniff","x-xss-protection":"1; mode=block","x-frame-options":"SAMEORIGIN"}
2025-09-13T13:09:21.750Z - Raw response data: {"result":false,"targetUrl":null,"success":true,"error":null,"unAuthorizedRequest":false,"__abp":true}
2025-09-13T13:09:21.754Z - Parsed response:: {"result":false,"targetUrl":null,"success":true,"error":null,"unAuthorizedRequest":false,"__abp":true}
2025-09-13T13:09:21.763Z - Login status result: false
2025-09-13T13:09:21.764Z - User not logged in
2025-09-13T13:14:33.500Z - Bot starting up
2025-09-13T13:14:34.429Z - Logged into Mezon
2025-09-13T13:14:34.430Z - Bot initialized successfully
2025-09-13T13:15:27.250Z - Received *comparefine command: {"id":"1840651256775839744","avatar":"https://cdn.mezon.vn/0/0/1840671882311897000/1740969361248_undefined_nh___i_di_n.jpg","channel_id":"1956303407950073856","mode":2,"channel_label":"","clan_id":"1840678319637401600","code":0,"create_time":"2025-09-13T13:15:27.000Z","message_id":"1840651256775839744","sender_id":"1840671882311897088","update_time":"2025-09-13T13:15:27.000Z","clan_logo":"","category_name":"","username":"phuong.trinhviet","clan_nick":"","clan_avatar":"","display_name":"phuong.trinhviet","content":{"t":"*comparefine"},"reactions":[],"mentions":[],"attachments":[],"references":[],"hide_editted":true,"is_public":true,"create_time_seconds":1757769327,"update_time_seconds":1757769327,"topic_id":"0"}
2025-09-13T13:15:27.251Z - User info: ID=1840671882311897088, Username=phuong.trinhviet
2025-09-13T13:15:27.403Z - Checking login status for Mezon ID: 1840671882311897088
2025-09-13T13:15:27.405Z - API URL: http://localhost:21023/api/services/app/UserPunishment/CheckLoginStatus?mezonUserId=1840671882311897088
2025-09-13T13:15:27.408Z - Request options:: {"hostname":"localhost","port":"21023","path":"/api/services/app/UserPunishment/CheckLoginStatus?mezonUserId=1840671882311897088","method":"GET","headers":{"Accept":"application/json","Security-Code":"12345678"}}
2025-09-13T13:15:27.792Z - Status code: 200
2025-09-13T13:15:27.793Z - Response headers:: {"date":"Sat, 13 Sep 2025 13:15:27 GMT","content-type":"application/json; charset=utf-8","server":"Kestrel","transfer-encoding":"chunked","x-content-type-options":"nosniff","x-xss-protection":"1; mode=block","x-frame-options":"SAMEORIGIN"}
2025-09-13T13:15:27.795Z - Raw response data: {"result":false,"targetUrl":null,"success":true,"error":null,"unAuthorizedRequest":false,"__abp":true}
2025-09-13T13:15:27.796Z - Parsed response:: {"result":false,"targetUrl":null,"success":true,"error":null,"unAuthorizedRequest":false,"__abp":true}
2025-09-13T13:15:27.797Z - Login status result: false
2025-09-13T13:15:27.798Z - User not logged in
2025-09-13T13:17:46.117Z - Received *comparefine command: {"id":"1840651256788422656","avatar":"https://cdn.mezon.vn/0/0/1840671882311897000/1740969361248_undefined_nh___i_di_n.jpg","channel_id":"1956303407950073856","mode":2,"channel_label":"","clan_id":"1840678319637401600","code":0,"create_time":"2025-09-13T13:17:46.000Z","message_id":"1840651256788422656","sender_id":"1840671882311897088","update_time":"2025-09-13T13:17:46.000Z","clan_logo":"","category_name":"","username":"phuong.trinhviet","clan_nick":"","clan_avatar":"","display_name":"phuong.trinhviet","content":{"t":"*comparefine"},"reactions":[],"mentions":[],"attachments":[],"references":[],"hide_editted":true,"is_public":true,"create_time_seconds":1757769466,"update_time_seconds":1757769466,"topic_id":"0"}
2025-09-13T13:17:46.119Z - User info: ID=1840671882311897088, Username=phuong.trinhviet
2025-09-13T13:17:46.189Z - Checking login status for Mezon ID: 1840671882311897088
2025-09-13T13:17:46.192Z - API URL: http://localhost:21023/api/services/app/UserPunishment/CheckLoginStatus?mezonUserId=1840671882311897088
2025-09-13T13:17:46.194Z - Request options:: {"hostname":"localhost","port":"21023","path":"/api/services/app/UserPunishment/CheckLoginStatus?mezonUserId=1840671882311897088","method":"GET","headers":{"Accept":"application/json","Security-Code":"12345678"}}
2025-09-13T13:18:34.544Z - Status code: 200
2025-09-13T13:18:34.546Z - Response headers:: {"date":"Sat, 13 Sep 2025 13:18:34 GMT","content-type":"application/json; charset=utf-8","server":"Kestrel","transfer-encoding":"chunked","x-content-type-options":"nosniff","x-xss-protection":"1; mode=block","x-frame-options":"SAMEORIGIN"}
2025-09-13T13:18:34.548Z - Raw response data: {"result":false,"targetUrl":null,"success":true,"error":null,"unAuthorizedRequest":false,"__abp":true}
2025-09-13T13:18:34.549Z - Parsed response:: {"result":false,"targetUrl":null,"success":true,"error":null,"unAuthorizedRequest":false,"__abp":true}
2025-09-13T13:18:34.550Z - Login status result: false
2025-09-13T13:18:34.550Z - User not logged in
2025-09-13T13:18:40.135Z - Received *comparefine command: {"id":"1840651256801005568","avatar":"https://cdn.mezon.vn/0/0/1840671882311897000/1740969361248_undefined_nh___i_di_n.jpg","channel_id":"1956303407950073856","mode":2,"channel_label":"","clan_id":"1840678319637401600","code":0,"create_time":"2025-09-13T13:18:40.000Z","message_id":"1840651256801005568","sender_id":"1840671882311897088","update_time":"2025-09-13T13:18:40.000Z","clan_logo":"","category_name":"","username":"phuong.trinhviet","clan_nick":"","clan_avatar":"","display_name":"phuong.trinhviet","content":{"t":"*comparefine"},"reactions":[],"mentions":[],"attachments":[],"references":[],"hide_editted":true,"is_public":true,"create_time_seconds":1757769520,"update_time_seconds":1757769520,"topic_id":"0"}
2025-09-13T13:18:40.137Z - User info: ID=1840671882311897088, Username=phuong.trinhviet
2025-09-13T13:18:40.350Z - Checking login status for Mezon ID: 1840671882311897088
2025-09-13T13:18:40.357Z - API URL: http://localhost:21023/api/services/app/UserPunishment/CheckLoginStatus?mezonUserId=1840671882311897088
2025-09-13T13:18:40.359Z - Request options:: {"hostname":"localhost","port":"21023","path":"/api/services/app/UserPunishment/CheckLoginStatus?mezonUserId=1840671882311897088","method":"GET","headers":{"Accept":"application/json","Security-Code":"12345678"}}
2025-09-13T13:18:57.453Z - Status code: 200
2025-09-13T13:18:57.454Z - Response headers:: {"date":"Sat, 13 Sep 2025 13:18:57 GMT","content-type":"application/json; charset=utf-8","server":"Kestrel","transfer-encoding":"chunked","x-content-type-options":"nosniff","x-xss-protection":"1; mode=block","x-frame-options":"SAMEORIGIN"}
2025-09-13T13:18:57.455Z - Raw response data: {"result":false,"targetUrl":null,"success":true,"error":null,"unAuthorizedRequest":false,"__abp":true}
2025-09-13T13:18:57.456Z - Parsed response:: {"result":false,"targetUrl":null,"success":true,"error":null,"unAuthorizedRequest":false,"__abp":true}
2025-09-13T13:18:57.458Z - Login status result: false
2025-09-13T13:18:57.459Z - User not logged in
2025-09-13T13:19:52.482Z - Received *comparefine command: {"id":"1840651256813588480","avatar":"https://cdn.mezon.vn/0/0/1840671882311897000/1740969361248_undefined_nh___i_di_n.jpg","channel_id":"1956303407950073856","mode":2,"channel_label":"","clan_id":"1840678319637401600","code":0,"create_time":"2025-09-13T13:19:52.000Z","message_id":"1840651256813588480","sender_id":"1840671882311897088","update_time":"2025-09-13T13:19:52.000Z","clan_logo":"","category_name":"","username":"phuong.trinhviet","clan_nick":"","clan_avatar":"","display_name":"phuong.trinhviet","content":{"t":"*comparefine"},"reactions":[],"mentions":[],"attachments":[],"references":[],"hide_editted":true,"is_public":true,"create_time_seconds":1757769592,"update_time_seconds":1757769592,"topic_id":"0"}
2025-09-13T13:19:52.486Z - User info: ID=1840671882311897088, Username=phuong.trinhviet
2025-09-13T13:19:52.573Z - Checking login status for Mezon ID: 1840671882311897088
2025-09-13T13:19:52.575Z - API URL: http://localhost:21023/api/services/app/UserPunishment/CheckLoginStatus?mezonUserId=1840671882311897088
2025-09-13T13:19:52.579Z - Request options:: {"hostname":"localhost","port":"21023","path":"/api/services/app/UserPunishment/CheckLoginStatus?mezonUserId=1840671882311897088","method":"GET","headers":{"Accept":"application/json","Security-Code":"12345678"}}
2025-09-13T13:20:13.228Z - Status code: 200
2025-09-13T13:20:13.229Z - Response headers:: {"date":"Sat, 13 Sep 2025 13:20:13 GMT","content-type":"application/json; charset=utf-8","server":"Kestrel","transfer-encoding":"chunked","x-content-type-options":"nosniff","x-xss-protection":"1; mode=block","x-frame-options":"SAMEORIGIN"}
2025-09-13T13:20:13.231Z - Raw response data: {"result":false,"targetUrl":null,"success":true,"error":null,"unAuthorizedRequest":false,"__abp":true}
2025-09-13T13:20:13.232Z - Parsed response:: {"result":false,"targetUrl":null,"success":true,"error":null,"unAuthorizedRequest":false,"__abp":true}
2025-09-13T13:20:13.233Z - Login status result: false
2025-09-13T13:20:13.235Z - User not logged in
2025-09-13T13:20:19.438Z - Received *comparefine command: {"id":"1840651256826171392","avatar":"https://cdn.mezon.vn/0/0/1840671882311897000/1740969361248_undefined_nh___i_di_n.jpg","channel_id":"1956303407950073856","mode":2,"channel_label":"","clan_id":"1840678319637401600","code":0,"create_time":"2025-09-13T13:20:19.000Z","message_id":"1840651256826171392","sender_id":"1840671882311897088","update_time":"2025-09-13T13:20:19.000Z","clan_logo":"","category_name":"","username":"phuong.trinhviet","clan_nick":"","clan_avatar":"","display_name":"phuong.trinhviet","content":{"t":"*comparefine"},"reactions":[],"mentions":[],"attachments":[],"references":[],"hide_editted":true,"is_public":true,"create_time_seconds":1757769619,"update_time_seconds":1757769619,"topic_id":"0"}
2025-09-13T13:20:19.440Z - User info: ID=1840671882311897088, Username=phuong.trinhviet
2025-09-13T13:20:19.503Z - Checking login status for Mezon ID: 1840671882311897088
2025-09-13T13:20:19.505Z - API URL: http://localhost:21023/api/services/app/UserPunishment/CheckLoginStatus?mezonUserId=1840671882311897088
2025-09-13T13:20:19.507Z - Request options:: {"hostname":"localhost","port":"21023","path":"/api/services/app/UserPunishment/CheckLoginStatus?mezonUserId=1840671882311897088","method":"GET","headers":{"Accept":"application/json","Security-Code":"12345678"}}
2025-09-13T13:20:52.465Z - Status code: 200
2025-09-13T13:20:52.466Z - Response headers:: {"date":"Sat, 13 Sep 2025 13:20:52 GMT","content-type":"application/json; charset=utf-8","server":"Kestrel","transfer-encoding":"chunked","x-content-type-options":"nosniff","x-xss-protection":"1; mode=block","x-frame-options":"SAMEORIGIN"}
2025-09-13T13:20:52.469Z - Raw response data: {"result":false,"targetUrl":null,"success":true,"error":null,"unAuthorizedRequest":false,"__abp":true}
2025-09-13T13:20:52.470Z - Parsed response:: {"result":false,"targetUrl":null,"success":true,"error":null,"unAuthorizedRequest":false,"__abp":true}
2025-09-13T13:20:52.471Z - Login status result: false
2025-09-13T13:20:52.473Z - User not logged in
2025-09-13T13:20:59.780Z - Received *comparefine command: {"id":"1840651256838754304","avatar":"https://cdn.mezon.vn/0/0/1840671882311897000/1740969361248_undefined_nh___i_di_n.jpg","channel_id":"1956303407950073856","mode":2,"channel_label":"","clan_id":"1840678319637401600","code":0,"create_time":"2025-09-13T13:21:00.000Z","message_id":"1840651256838754304","sender_id":"1840671882311897088","update_time":"2025-09-13T13:21:00.000Z","clan_logo":"","category_name":"","username":"phuong.trinhviet","clan_nick":"","clan_avatar":"","display_name":"phuong.trinhviet","content":{"t":"*comparefine"},"reactions":[],"mentions":[],"attachments":[],"references":[],"hide_editted":true,"is_public":true,"create_time_seconds":1757769660,"update_time_seconds":1757769660,"topic_id":"0"}
2025-09-13T13:20:59.783Z - User info: ID=1840671882311897088, Username=phuong.trinhviet
2025-09-13T13:20:59.866Z - Checking login status for Mezon ID: 1840671882311897088
2025-09-13T13:20:59.870Z - API URL: http://localhost:21023/api/services/app/UserPunishment/CheckLoginStatus?mezonUserId=1840671882311897088
2025-09-13T13:20:59.875Z - Request options:: {"hostname":"localhost","port":"21023","path":"/api/services/app/UserPunishment/CheckLoginStatus?mezonUserId=1840671882311897088","method":"GET","headers":{"Accept":"application/json","Security-Code":"12345678"}}
2025-09-13T13:21:01.748Z - Status code: 200
2025-09-13T13:21:01.749Z - Response headers:: {"date":"Sat, 13 Sep 2025 13:21:01 GMT","content-type":"application/json; charset=utf-8","server":"Kestrel","transfer-encoding":"chunked","x-content-type-options":"nosniff","x-xss-protection":"1; mode=block","x-frame-options":"SAMEORIGIN"}
2025-09-13T13:21:01.752Z - Raw response data: {"result":false,"targetUrl":null,"success":true,"error":null,"unAuthorizedRequest":false,"__abp":true}
2025-09-13T13:21:01.753Z - Parsed response:: {"result":false,"targetUrl":null,"success":true,"error":null,"unAuthorizedRequest":false,"__abp":true}
2025-09-13T13:21:01.754Z - Login status result: false
2025-09-13T13:21:01.755Z - User not logged in
2025-09-13T13:21:12.937Z - Received *comparefine command: {"id":"1840651256851337216","avatar":"https://cdn.mezon.vn/0/0/1840671882311897000/1740969361248_undefined_nh___i_di_n.jpg","channel_id":"1956303407950073856","mode":2,"channel_label":"","clan_id":"1840678319637401600","code":0,"create_time":"2025-09-13T13:21:13.000Z","message_id":"1840651256851337216","sender_id":"1840671882311897088","update_time":"2025-09-13T13:21:13.000Z","clan_logo":"","category_name":"","username":"phuong.trinhviet","clan_nick":"","clan_avatar":"","display_name":"phuong.trinhviet","content":{"t":"*comparefine"},"reactions":[],"mentions":[],"attachments":[],"references":[],"hide_editted":true,"is_public":true,"create_time_seconds":1757769673,"update_time_seconds":1757769673,"topic_id":"0"}
2025-09-13T13:21:12.940Z - User info: ID=1840671882311897088, Username=phuong.trinhviet
2025-09-13T13:21:13.038Z - Checking login status for Mezon ID: 1840671882311897088
2025-09-13T13:21:13.046Z - API URL: http://localhost:21023/api/services/app/UserPunishment/CheckLoginStatus?mezonUserId=1840671882311897088
2025-09-13T13:21:13.061Z - Request options:: {"hostname":"localhost","port":"21023","path":"/api/services/app/UserPunishment/CheckLoginStatus?mezonUserId=1840671882311897088","method":"GET","headers":{"Accept":"application/json","Security-Code":"12345678"}}
2025-09-13T13:21:26.872Z - Status code: 200
2025-09-13T13:21:26.873Z - Response headers:: {"date":"Sat, 13 Sep 2025 13:21:26 GMT","content-type":"application/json; charset=utf-8","server":"Kestrel","transfer-encoding":"chunked","x-content-type-options":"nosniff","x-xss-protection":"1; mode=block","x-frame-options":"SAMEORIGIN"}
2025-09-13T13:21:26.875Z - Raw response data: {"result":false,"targetUrl":null,"success":true,"error":null,"unAuthorizedRequest":false,"__abp":true}
2025-09-13T13:21:26.876Z - Parsed response:: {"result":false,"targetUrl":null,"success":true,"error":null,"unAuthorizedRequest":false,"__abp":true}
2025-09-13T13:21:26.877Z - Login status result: false
2025-09-13T13:21:26.877Z - User not logged in
2025-09-13T15:59:15.896Z - Gọi API với username: phuong.trinhviet
2025-09-13T15:59:15.913Z - URL API: https://api-timesheet.nccsoft.vn/api/services/app/UserPunishment/GetCompanyPunishmentComparisonAsync?username=phuong.trinhviet
2025-09-13T15:59:15.915Z - Request options:: {"hostname":"api-timesheet.nccsoft.vn","port":443,"path":"/api/services/app/UserPunishment/GetCompanyPunishmentComparisonAsync?username=phuong.trinhviet","method":"GET","headers":{"Accept":"application/json","X-Secret-Key":"12345678","User-Agent":"Mezon-Bot/1.0"},"agent":{"_events":{},"_eventsCount":2,"defaultPort":443,"protocol":"https:","options":{"rejectUnauthorized":false,"noDelay":true,"path":null},"requests":{},"sockets":{},"freeSockets":{},"keepAliveMsecs":1000,"keepAlive":false,"maxSockets":null,"maxFreeSockets":256,"scheduling":"lifo","maxTotalSockets":null,"totalSocketCount":0,"maxCachedSessions":100,"_sessionCache":{"map":{},"list":[]}}}
2025-09-13T15:59:15.984Z - Request error: getaddrinfo ENOTFOUND api-timesheet.nccsoft.vn
2025-09-13T16:02:15.434Z - Gọi API với username: phuong.trinhviet
2025-09-13T16:02:15.438Z - URL API: https://stg-api-timesheet.nccsoft.vn/api/services/app/UserPunishment/GetCompanyPunishmentComparisonAsync?username=phuong.trinhviet
2025-09-13T16:02:15.441Z - Request options:: {"hostname":"stg-api-timesheet.nccsoft.vn","port":443,"path":"/api/services/app/UserPunishment/GetCompanyPunishmentComparisonAsync?username=phuong.trinhviet","method":"GET","headers":{"Accept":"application/json","X-Secret-Key":"12345678","User-Agent":"Mezon-Bot/1.0"},"agent":{"_events":{},"_eventsCount":2,"defaultPort":443,"protocol":"https:","options":{"rejectUnauthorized":false,"noDelay":true,"path":null},"requests":{},"sockets":{},"freeSockets":{},"keepAliveMsecs":1000,"keepAlive":false,"maxSockets":null,"maxFreeSockets":256,"scheduling":"lifo","maxTotalSockets":null,"totalSocketCount":0,"maxCachedSessions":100,"_sessionCache":{"map":{},"list":[]}}}
2025-09-13T16:02:16.539Z - Response status code: 200
2025-09-13T16:02:16.540Z - Response headers:: {"server":"nginx/1.18.0 (Ubuntu)","date":"Sat, 13 Sep 2025 16:02:16 GMT","content-type":"application/json; charset=utf-8","transfer-encoding":"chunked","connection":"close","x-content-type-options":"nosniff","x-xss-protection":"1; mode=block","x-frame-options":"SAMEORIGIN"}
2025-09-13T16:02:16.541Z - Raw response data: {"result":{"title":"Tỷ lệ phạt của bạn so với trung bình công ty","year":2025,"month":9,"punishmentDetails":[{"punishmentType":"Late","userBarPercentage":17.268472948937127,"companyBarPercentage":4.0498886183494793},{"punishmentType":"NoCheckIn","userBarPercentage":0.0,"companyBarPercentage":0.141169766357561},{"punishmentType":"NoCheckOut","userBarPercentage":0.0,"companyBarPercentage":0.40019686059161791},{"punishmentType":"LateAndNoCheckOut","userBarPercentage":0.0,"companyBarPercentage":1.0987065913761247},{"punishmentType":"NoCheckInAndNoCheckOut","userBarPercentage":21.585591186171406,"companyBarPercentage":100.0},{"punishmentType":"Daily","userBarPercentage":0.0,"companyBarPercentage":1.1772781432937884},{"punishmentType":"Mention","userBarPercentage":0.0,"companyBarPercentage":0.45502426220449327},{"punishmentType":"Tracker_20k","userBarPercentage":0.0,"companyBarPercentage":0.0},{"punishmentType":"Tracker_50k","userBarPercentage":0.0,"companyBarPercentage":0.0},{"punishmentType":"Tracker_100k","userBarPercentage":0.0,"companyBarPercentage":0.0},{"punishmentType":"Tracker_200k","userBarPercentage":0.0,"companyBarPercentage":0.0},{"punishmentType":"Ant","userBarPercentage":0.0,"companyBarPercentage":0.0},{"punishmentType":"UnlockTSGmail","userBarPercentage":0.0,"companyBarPercentage":0.0},{"punishmentType":"UnlockTSIMS","userBarPercentage":0.0,"companyBarPercentage":0.0}],"totalBarPercentage":{"user":36.070843135918942,"company":100.0}},"targetUrl":null,"success":true,"error":null,"unAuthorizedRequest":false,"__abp":true}
2025-09-13T16:02:16.543Z - Parsed response data:: {"result":{"title":"Tỷ lệ phạt của bạn so với trung bình công ty","year":2025,"month":9,"punishmentDetails":[{"punishmentType":"Late","userBarPercentage":17.268472948937127,"companyBarPercentage":4.049888618349479},{"punishmentType":"NoCheckIn","userBarPercentage":0,"companyBarPercentage":0.141169766357561},{"punishmentType":"NoCheckOut","userBarPercentage":0,"companyBarPercentage":0.4001968605916179},{"punishmentType":"LateAndNoCheckOut","userBarPercentage":0,"companyBarPercentage":1.0987065913761247},{"punishmentType":"NoCheckInAndNoCheckOut","userBarPercentage":21.585591186171406,"companyBarPercentage":100},{"punishmentType":"Daily","userBarPercentage":0,"companyBarPercentage":1.1772781432937884},{"punishmentType":"Mention","userBarPercentage":0,"companyBarPercentage":0.45502426220449327},{"punishmentType":"Tracker_20k","userBarPercentage":0,"companyBarPercentage":0},{"punishmentType":"Tracker_50k","userBarPercentage":0,"companyBarPercentage":0},{"punishmentType":"Tracker_100k","userBarPercentage":0,"companyBarPercentage":0},{"punishmentType":"Tracker_200k","userBarPercentage":0,"companyBarPercentage":0},{"punishmentType":"Ant","userBarPercentage":0,"companyBarPercentage":0},{"punishmentType":"UnlockTSGmail","userBarPercentage":0,"companyBarPercentage":0},{"punishmentType":"UnlockTSIMS","userBarPercentage":0,"companyBarPercentage":0}],"totalBarPercentage":{"user":36.07084313591894,"company":100}},"targetUrl":null,"success":true,"error":null,"unAuthorizedRequest":false,"__abp":true}
2025-09-13T16:02:16.547Z - API call successful, returning data
2025-09-13T16:17:50.479Z - Gọi API với username: phuong.trinhviet
2025-09-13T16:17:50.482Z - URL API: http://localhost:21023/api/services/app/UserPunishment/GetCompanyPunishmentComparisonAsync?username=phuong.trinhviet
2025-09-13T16:17:50.484Z - Parsed URL:: {"protocol":"http:","slashes":true,"auth":null,"host":"localhost:21023","port":"21023","hostname":"localhost","hash":null,"search":"?username=phuong.trinhviet","query":"username=phuong.trinhviet","pathname":"/api/services/app/UserPunishment/GetCompanyPunishmentComparisonAsync","path":"/api/services/app/UserPunishment/GetCompanyPunishmentComparisonAsync?username=phuong.trinhviet","href":"http://localhost:21023/api/services/app/UserPunishment/GetCompanyPunishmentComparisonAsync?username=phuong.trinhviet"}
2025-09-13T16:17:50.485Z - Security Code: Có giá trị
2025-09-13T16:17:50.486Z - Request options:: {"hostname":"localhost","port":"21023","path":"/api/services/app/UserPunishment/GetCompanyPunishmentComparisonAsync?username=phuong.trinhviet","method":"GET","headers":{"Accept":"application/json","X-Secret-Key":"12345678","User-Agent":"Mezon-Bot/1.0"}}
2025-09-13T16:17:50.487Z - Sử dụng module: HTTP
2025-09-13T16:17:50.499Z - Request error: 
2025-09-13T16:17:50.500Z - Error stack: AggregateError [ECONNREFUSED]: 
    at internalConnectMultiple (node:net:1139:18)
    at afterConnectMultiple (node:net:1714:7)
2025-09-13T16:19:15.451Z - Gọi API với username: phuong.trinhviet
2025-09-13T16:19:15.454Z - URL API: https://stg-api-timesheet.nccsoft.vn/api/services/app/UserPunishment/GetCompanyPunishmentComparisonAsync?username=phuong.trinhviet
2025-09-13T16:19:15.456Z - Parsed URL:: {"protocol":"https:","slashes":true,"auth":null,"host":"stg-api-timesheet.nccsoft.vn","port":null,"hostname":"stg-api-timesheet.nccsoft.vn","hash":null,"search":"?username=phuong.trinhviet","query":"username=phuong.trinhviet","pathname":"/api/services/app/UserPunishment/GetCompanyPunishmentComparisonAsync","path":"/api/services/app/UserPunishment/GetCompanyPunishmentComparisonAsync?username=phuong.trinhviet","href":"https://stg-api-timesheet.nccsoft.vn/api/services/app/UserPunishment/GetCompanyPunishmentComparisonAsync?username=phuong.trinhviet"}
2025-09-13T16:19:15.458Z - Security Code: Có giá trị
2025-09-13T16:19:15.459Z - Request options:: {"hostname":"stg-api-timesheet.nccsoft.vn","port":443,"path":"/api/services/app/UserPunishment/GetCompanyPunishmentComparisonAsync?username=phuong.trinhviet","method":"GET","headers":{"Accept":"application/json","X-Secret-Key":"12345678","User-Agent":"Mezon-Bot/1.0"},"agent":{"_events":{},"_eventsCount":2,"defaultPort":443,"protocol":"https:","options":{"rejectUnauthorized":false,"noDelay":true,"path":null},"requests":{},"sockets":{},"freeSockets":{},"keepAliveMsecs":1000,"keepAlive":false,"maxSockets":null,"maxFreeSockets":256,"scheduling":"lifo","maxTotalSockets":null,"totalSocketCount":0,"maxCachedSessions":100,"_sessionCache":{"map":{},"list":[]}}}
2025-09-13T16:19:15.460Z - Sử dụng module: HTTPS
2025-09-13T16:19:16.317Z - Response status code: 200
2025-09-13T16:19:16.319Z - Response headers:: {"server":"nginx/1.18.0 (Ubuntu)","date":"Sat, 13 Sep 2025 16:19:16 GMT","content-type":"application/json; charset=utf-8","transfer-encoding":"chunked","connection":"close","x-content-type-options":"nosniff","x-xss-protection":"1; mode=block","x-frame-options":"SAMEORIGIN"}
2025-09-13T16:19:16.320Z - Raw response data: {"result":{"title":"Tỷ lệ phạt của bạn so với trung bình công ty","year":2025,"month":9,"punishmentDetails":[{"punishmentType":"Late","userBarPercentage":17.268472948937127,"companyBarPercentage":4.0498886183494793},{"punishmentType":"NoCheckIn","userBarPercentage":0.0,"companyBarPercentage":0.141169766357561},{"punishmentType":"NoCheckOut","userBarPercentage":0.0,"companyBarPercentage":0.40019686059161791},{"punishmentType":"LateAndNoCheckOut","userBarPercentage":0.0,"companyBarPercentage":1.0987065913761247},{"punishmentType":"NoCheckInAndNoCheckOut","userBarPercentage":21.585591186171406,"companyBarPercentage":100.0},{"punishmentType":"Daily","userBarPercentage":0.0,"companyBarPercentage":1.1772781432937884},{"punishmentType":"Mention","userBarPercentage":0.0,"companyBarPercentage":0.45502426220449327},{"punishmentType":"Tracker_20k","userBarPercentage":0.0,"companyBarPercentage":0.0},{"punishmentType":"Tracker_50k","userBarPercentage":0.0,"companyBarPercentage":0.0},{"punishmentType":"Tracker_100k","userBarPercentage":0.0,"companyBarPercentage":0.0},{"punishmentType":"Tracker_200k","userBarPercentage":0.0,"companyBarPercentage":0.0},{"punishmentType":"Ant","userBarPercentage":0.0,"companyBarPercentage":0.0},{"punishmentType":"UnlockTSGmail","userBarPercentage":0.0,"companyBarPercentage":0.0},{"punishmentType":"UnlockTSIMS","userBarPercentage":0.0,"companyBarPercentage":0.0}],"totalBarPercentage":{"user":36.070843135918942,"company":100.0}},"targetUrl":null,"success":true,"error":null,"unAuthorizedRequest":false,"__abp":true}
2025-09-13T16:19:16.322Z - Parsed response:: {"result":{"title":"Tỷ lệ phạt của bạn so với trung bình công ty","year":2025,"month":9,"punishmentDetails":[{"punishmentType":"Late","userBarPercentage":17.268472948937127,"companyBarPercentage":4.049888618349479},{"punishmentType":"NoCheckIn","userBarPercentage":0,"companyBarPercentage":0.141169766357561},{"punishmentType":"NoCheckOut","userBarPercentage":0,"companyBarPercentage":0.4001968605916179},{"punishmentType":"LateAndNoCheckOut","userBarPercentage":0,"companyBarPercentage":1.0987065913761247},{"punishmentType":"NoCheckInAndNoCheckOut","userBarPercentage":21.585591186171406,"companyBarPercentage":100},{"punishmentType":"Daily","userBarPercentage":0,"companyBarPercentage":1.1772781432937884},{"punishmentType":"Mention","userBarPercentage":0,"companyBarPercentage":0.45502426220449327},{"punishmentType":"Tracker_20k","userBarPercentage":0,"companyBarPercentage":0},{"punishmentType":"Tracker_50k","userBarPercentage":0,"companyBarPercentage":0},{"punishmentType":"Tracker_100k","userBarPercentage":0,"companyBarPercentage":0},{"punishmentType":"Tracker_200k","userBarPercentage":0,"companyBarPercentage":0},{"punishmentType":"Ant","userBarPercentage":0,"companyBarPercentage":0},{"punishmentType":"UnlockTSGmail","userBarPercentage":0,"companyBarPercentage":0},{"punishmentType":"UnlockTSIMS","userBarPercentage":0,"companyBarPercentage":0}],"totalBarPercentage":{"user":36.07084313591894,"company":100}},"targetUrl":null,"success":true,"error":null,"unAuthorizedRequest":false,"__abp":true}
2025-09-13T16:19:16.326Z - API call successful
