2025-09-11 17:10:48: Error fetching punishment comparison data: Error: API request failed with status 404
2025-09-11 17:10:48:     at IncomingMessage.<anonymous> (E:\code dạo\bot mezon\mezon-bot-example\index.js:53:20)
2025-09-11 17:10:48:     at IncomingMessage.emit (node:events:530:35)
2025-09-11 17:10:48:     at endReadableNT (node:internal/streams/readable:1698:12)
2025-09-11 17:10:48:     at process.processTicksAndRejections (node:internal/process/task_queues:90:21)
2025-09-11 17:25:46: Error fetching punishment comparison data: Error: API request failed with status 404
2025-09-11 17:25:46:     at IncomingMessage.<anonymous> (E:\code dạo\bot mezon\mezon-bot-example\index.js:53:20)
2025-09-11 17:25:46:     at IncomingMessage.emit (node:events:530:35)
2025-09-11 17:25:46:     at endReadableNT (node:internal/streams/readable:1698:12)
2025-09-11 17:25:46:     at process.processTicksAndRejections (node:internal/process/task_queues:90:21)
2025-09-11 17:30:07: Error fetching punishment comparison data: Error: API request failed with status 404
2025-09-11 17:30:07:     at IncomingMessage.<anonymous> (E:\code dạo\bot mezon\mezon-bot-example\index.js:53:20)
2025-09-11 17:30:07:     at IncomingMessage.emit (node:events:530:35)
2025-09-11 17:30:07:     at endReadableNT (node:internal/streams/readable:1698:12)
2025-09-11 17:30:07:     at process.processTicksAndRejections (node:internal/process/task_queues:90:21)
2025-09-11 17:32:44: Error fetching punishment comparison data: Error: API request failed with status 404
2025-09-11 17:32:44:     at IncomingMessage.<anonymous> (E:\code dạo\bot mezon\mezon-bot-example\index.js:53:20)
2025-09-11 17:32:44:     at IncomingMessage.emit (node:events:530:35)
2025-09-11 17:32:44:     at endReadableNT (node:internal/streams/readable:1698:12)
2025-09-11 17:32:44:     at process.processTicksAndRejections (node:internal/process/task_queues:90:21)
2025-09-11 17:36:12: Error fetching punishment comparison data: Error: API request failed with status 404
2025-09-11 17:36:12:     at IncomingMessage.<anonymous> (E:\code dạo\bot mezon\mezon-bot-example\index.js:53:20)
2025-09-11 17:36:12:     at IncomingMessage.emit (node:events:530:35)
2025-09-11 17:36:12:     at endReadableNT (node:internal/streams/readable:1698:12)
2025-09-11 17:36:12:     at process.processTicksAndRejections (node:internal/process/task_queues:90:21)
2025-09-11 17:36:59: Error fetching punishment comparison data: Error: API request failed with status 404
2025-09-11 17:36:59:     at IncomingMessage.<anonymous> (E:\code dạo\bot mezon\mezon-bot-example\index.js:53:20)
2025-09-11 17:36:59:     at IncomingMessage.emit (node:events:530:35)
2025-09-11 17:36:59:     at endReadableNT (node:internal/streams/readable:1698:12)
2025-09-11 17:36:59:     at process.processTicksAndRejections (node:internal/process/task_queues:90:21)
2025-09-12 08:30:16: Error fetching punishment comparison data: Error: API request failed with status 404
2025-09-12 08:30:16:     at IncomingMessage.<anonymous> (E:\code dạo\bot mezon\mezon-bot-example\index.js:53:20)
2025-09-12 08:30:16:     at IncomingMessage.emit (node:events:530:35)
2025-09-12 08:30:16:     at endReadableNT (node:internal/streams/readable:1698:12)
2025-09-12 08:30:16:     at process.processTicksAndRejections (node:internal/process/task_queues:90:21)
