2025-09-11 11:33:12: bot start!
2025-09-11 12:33:50: Disconnected! 
2025-09-11 12:33:50: Reconnecting...
2025-09-11 12:33:51: Connected successfully!
2025-09-11 15:38:07: User ID: 1840671882311897088
2025-09-11 15:38:07: Username: phuong.trinhviet
2025-09-11 15:38:08: Fetching data from API for user: phuong.trinhviet
2025-09-11 15:38:09: API response received successfully
2025-09-11 15:38:21: User ID: 1840671882311897088
2025-09-11 15:38:21: Username: phuong.trinhviet
2025-09-11 15:38:21: Fetching data from API for user: phuong.trinhviet
2025-09-11 15:38:22: API response received successfully
2025-09-11 15:38:31: User ID: 1840671882311897088
2025-09-11 15:38:31: Username: phuong.trinhviet
2025-09-11 15:38:31: Fetching data from API for user: phuong.trinhviet
2025-09-11 15:38:31: API response received successfully
2025-09-11 15:39:06: User ID: 1840671882311897088
2025-09-11 15:39:06: Username: phuong.trinhviet
2025-09-11 15:39:06: Fetching data from API for user: phuong.trinhviet
2025-09-11 15:39:07: API response received successfully
2025-09-11 15:42:40: User ID: 1840671882311897088
2025-09-11 15:42:40: Username: phuong.trinhviet
2025-09-11 15:42:40: Fetching data from API for user: phuong.trinhviet
2025-09-11 15:42:41: API response received successfully
2025-09-11 15:43:42: User ID: 1840671882311897088
2025-09-11 15:43:42: Username: phuong.trinhviet
2025-09-11 15:43:42: Fetching data from API for user: phuong.trinhviet
2025-09-11 15:43:43: API response received successfully
2025-09-11 15:44:45: User ID: 1840671882311897088
2025-09-11 15:44:45: Username: phuong.trinhviet
2025-09-11 15:44:45: Fetching data from API for user: phuong.trinhviet
2025-09-11 15:44:45: API response received successfully
2025-09-11 15:47:01: User ID: 1840671882311897088
2025-09-11 15:47:01: Username: phuong.trinhviet
2025-09-11 15:47:01: Fetching data from API for user: phuong.trinhviet
2025-09-11 15:47:01: API response received successfully
2025-09-11 15:47:30: User ID: 1840671882311897088
2025-09-11 15:47:30: Username: phuong.trinhviet
2025-09-11 15:47:30: Fetching data from API for user: phuong.trinhviet
2025-09-11 15:47:31: API response received successfully
2025-09-11 15:49:03: User ID: 1840671882311897088
2025-09-11 15:49:03: Username: phuong.trinhviet
2025-09-11 15:49:03: Fetching data from API for user: phuong.trinhviet
2025-09-11 15:49:03: API response received successfully
2025-09-11 15:57:39: User ID: 1840671882311897088
2025-09-11 15:57:39: Username: phuong.trinhviet
2025-09-11 15:57:39: Fetching data from API for user: phuong.trinhviet
2025-09-11 15:57:39: API response received successfully
2025-09-11 15:59:33: User ID: 1840671882311897088
2025-09-11 15:59:33: Username: phuong.trinhviet
2025-09-11 15:59:33: Fetching data from API for user: phuong.trinhviet
2025-09-11 15:59:33: API response received successfully
2025-09-11 15:59:42: User ID: 1840671882311897088
2025-09-11 15:59:42: Username: phuong.trinhviet
2025-09-11 15:59:42: Fetching data from API for user: phuong.trinhviet
2025-09-11 15:59:43: API response received successfully
2025-09-11 16:24:47: User ID: 1840671882311897088
2025-09-11 16:24:47: Username: phuong.trinhviet
2025-09-11 16:24:47: Fetching data from API for user: phuong.trinhviet
2025-09-11 16:24:48: API response received successfully
2025-09-11 17:10:48: User ID: 1840671882311897088
2025-09-11 17:10:48: Username: phuong.trinhviet
2025-09-11 17:10:48: Fetching data from API for user: phuong.trinhviet
2025-09-11 17:25:46: User ID: 1840671882311897088
2025-09-11 17:25:46: Username: phuong.trinhviet
2025-09-11 17:25:46: Fetching data from API for user: phuong.trinhviet
2025-09-11 17:30:07: User ID: 1840671882311897088
2025-09-11 17:30:07: Username: phuong.trinhviet
2025-09-11 17:30:07: Fetching data from API for user: phuong.trinhviet
2025-09-11 17:32:44: User ID: 1840671882311897088
2025-09-11 17:32:44: Username: phuong.trinhviet
2025-09-11 17:32:44: Fetching data from API for user: phuong.trinhviet
2025-09-11 17:36:12: User ID: 1840671882311897088
2025-09-11 17:36:12: Username: phuong.trinhviet
2025-09-11 17:36:12: Fetching data from API for user: phuong.trinhviet
2025-09-11 17:36:59: User ID: 1840671882311897088
2025-09-11 17:36:59: Username: phuong.trinhviet
2025-09-11 17:36:59: Fetching data from API for user: phuong.trinhviet
2025-09-11 17:37:46: Disconnected! 
2025-09-11 17:37:46: Reconnecting...
2025-09-12 08:20:37: Connection failed! Request timed out.
2025-09-12 08:20:37: Retrying in 10 seconds...
2025-09-12 08:20:48: Connected successfully!
2025-09-12 08:30:16: User ID: 1840671882311897088
2025-09-12 08:30:16: Username: phuong.trinhviet
2025-09-12 08:30:16: Fetching data from API for user: phuong.trinhviet
